assert(gv_color(x11,aliceblue)).
assert(gv_color(x11,antiquewhite)).
assert(gv_color(x11,antiquewhite1)).
assert(gv_color(x11,antiquewhite2)).
assert(gv_color(x11,antiquewhite3)).
assert(gv_color(x11,antiquewhite4)).
assert(gv_color(x11,aquamarine)).
assert(gv_color(x11,aquamarine1)).
assert(gv_color(x11,aquamarine2)).
assert(gv_color(x11,aquamarine3)).
assert(gv_color(x11,aquamarine4)).
assert(gv_color(x11,azure)).
assert(gv_color(x11,azure1)).
assert(gv_color(x11,azure2)).
assert(gv_color(x11,azure3)).
assert(gv_color(x11,azure4)).
assert(gv_color(x11,beige)).
assert(gv_color(x11,bisque)).
assert(gv_color(x11,bisque1)).
assert(gv_color(x11,bisque2)).
assert(gv_color(x11,bisque3)).
assert(gv_color(x11,bisque4)).
assert(gv_color(x11,black)).
assert(gv_color(x11,blanchedalmond)).
assert(gv_color(x11,blue)).
assert(gv_color(x11,blue1)).
assert(gv_color(x11,blue2)).
assert(gv_color(x11,blue3)).
assert(gv_color(x11,blue4)).
assert(gv_color(x11,blueviolet)).
assert(gv_color(x11,brown)).
assert(gv_color(x11,brown1)).
assert(gv_color(x11,brown2)).
assert(gv_color(x11,brown3)).
assert(gv_color(x11,brown4)).
assert(gv_color(x11,burlywood)).
assert(gv_color(x11,burlywood1)).
assert(gv_color(x11,burlywood2)).
assert(gv_color(x11,burlywood3)).
assert(gv_color(x11,burlywood4)).
assert(gv_color(x11,cadetblue)).
assert(gv_color(x11,cadetblue1)).
assert(gv_color(x11,cadetblue2)).
assert(gv_color(x11,cadetblue3)).
assert(gv_color(x11,cadetblue4)).
assert(gv_color(x11,chartreuse)).
assert(gv_color(x11,chartreuse1)).
assert(gv_color(x11,chartreuse2)).
assert(gv_color(x11,chartreuse3)).
assert(gv_color(x11,chartreuse4)).
assert(gv_color(x11,chocolate)).
assert(gv_color(x11,chocolate1)).
assert(gv_color(x11,chocolate2)).
assert(gv_color(x11,chocolate3)).
assert(gv_color(x11,chocolate4)).
assert(gv_color(x11,coral)).
assert(gv_color(x11,coral1)).
assert(gv_color(x11,coral2)).
assert(gv_color(x11,coral3)).
assert(gv_color(x11,coral4)).
assert(gv_color(x11,cornflowerblue)).
assert(gv_color(x11,cornsilk)).
assert(gv_color(x11,cornsilk1)).
assert(gv_color(x11,cornsilk2)).
assert(gv_color(x11,cornsilk3)).
assert(gv_color(x11,cornsilk4)).
assert(gv_color(x11,crimson)).
assert(gv_color(x11,cyan)).
assert(gv_color(x11,cyan1)).
assert(gv_color(x11,cyan2)).
assert(gv_color(x11,cyan3)).
assert(gv_color(x11,cyan4)).
assert(gv_color(x11,darkgoldenrod)).
assert(gv_color(x11,darkgoldenrod1)).
assert(gv_color(x11,darkgoldenrod2)).
assert(gv_color(x11,darkgoldenrod3)).
assert(gv_color(x11,darkgoldenrod4)).
assert(gv_color(x11,darkgreen)).
assert(gv_color(x11,darkkhaki)).
assert(gv_color(x11,darkolivegreen)).
assert(gv_color(x11,darkolivegreen1)).
assert(gv_color(x11,darkolivegreen2)).
assert(gv_color(x11,darkolivegreen3)).
assert(gv_color(x11,darkolivegreen4)).
assert(gv_color(x11,darkorange)).
assert(gv_color(x11,darkorange1)).
assert(gv_color(x11,darkorange2)).
assert(gv_color(x11,darkorange3)).
assert(gv_color(x11,darkorange4)).
assert(gv_color(x11,darkorchid)).
assert(gv_color(x11,darkorchid1)).
assert(gv_color(x11,darkorchid2)).
assert(gv_color(x11,darkorchid3)).
assert(gv_color(x11,darkorchid4)).
assert(gv_color(x11,darksalmon)).
assert(gv_color(x11,darkseagreen)).
assert(gv_color(x11,darkseagreen1)).
assert(gv_color(x11,darkseagreen2)).
assert(gv_color(x11,darkseagreen3)).
assert(gv_color(x11,darkseagreen4)).
assert(gv_color(x11,darkslateblue)).
assert(gv_color(x11,darkslategray)).
assert(gv_color(x11,darkslategray1)).
assert(gv_color(x11,darkslategray2)).
assert(gv_color(x11,darkslategray3)).
assert(gv_color(x11,darkslategray4)).
assert(gv_color(x11,darkslategrey)).
assert(gv_color(x11,darkturquoise)).
assert(gv_color(x11,darkviolet)).
assert(gv_color(x11,deeppink)).
assert(gv_color(x11,deeppink1)).
assert(gv_color(x11,deeppink2)).
assert(gv_color(x11,deeppink3)).
assert(gv_color(x11,deeppink4)).
assert(gv_color(x11,deepskyblue)).
assert(gv_color(x11,deepskyblue1)).
assert(gv_color(x11,deepskyblue2)).
assert(gv_color(x11,deepskyblue3)).
assert(gv_color(x11,deepskyblue4)).
assert(gv_color(x11,dimgray)).
assert(gv_color(x11,dimgrey)).
assert(gv_color(x11,dodgerblue)).
assert(gv_color(x11,dodgerblue1)).
assert(gv_color(x11,dodgerblue2)).
assert(gv_color(x11,dodgerblue3)).
assert(gv_color(x11,dodgerblue4)).
assert(gv_color(x11,firebrick)).
assert(gv_color(x11,firebrick1)).
assert(gv_color(x11,firebrick2)).
assert(gv_color(x11,firebrick3)).
assert(gv_color(x11,firebrick4)).
assert(gv_color(x11,floralwhite)).
assert(gv_color(x11,forestgreen)).
assert(gv_color(x11,gainsboro)).
assert(gv_color(x11,ghostwhite)).
assert(gv_color(x11,gold)).
assert(gv_color(x11,gold1)).
assert(gv_color(x11,gold2)).
assert(gv_color(x11,gold3)).
assert(gv_color(x11,gold4)).
assert(gv_color(x11,goldenrod)).
assert(gv_color(x11,goldenrod1)).
assert(gv_color(x11,goldenrod2)).
assert(gv_color(x11,goldenrod3)).
assert(gv_color(x11,goldenrod4)).
assert(gv_color(x11,gray)).
assert(gv_color(x11,gray0)).
assert(gv_color(x11,gray1)).
assert(gv_color(x11,gray10)).
assert(gv_color(x11,gray100)).
assert(gv_color(x11,gray11)).
assert(gv_color(x11,gray12)).
assert(gv_color(x11,gray13)).
assert(gv_color(x11,gray14)).
assert(gv_color(x11,gray15)).
assert(gv_color(x11,gray16)).
assert(gv_color(x11,gray17)).
assert(gv_color(x11,gray18)).
assert(gv_color(x11,gray19)).
assert(gv_color(x11,gray2)).
assert(gv_color(x11,gray20)).
assert(gv_color(x11,gray21)).
assert(gv_color(x11,gray22)).
assert(gv_color(x11,gray23)).
assert(gv_color(x11,gray24)).
assert(gv_color(x11,gray25)).
assert(gv_color(x11,gray26)).
assert(gv_color(x11,gray27)).
assert(gv_color(x11,gray28)).
assert(gv_color(x11,gray29)).
assert(gv_color(x11,gray3)).
assert(gv_color(x11,gray30)).
assert(gv_color(x11,gray31)).
assert(gv_color(x11,gray32)).
assert(gv_color(x11,gray33)).
assert(gv_color(x11,gray34)).
assert(gv_color(x11,gray35)).
assert(gv_color(x11,gray36)).
assert(gv_color(x11,gray37)).
assert(gv_color(x11,gray38)).
assert(gv_color(x11,gray39)).
assert(gv_color(x11,gray4)).
assert(gv_color(x11,gray40)).
assert(gv_color(x11,gray41)).
assert(gv_color(x11,gray42)).
assert(gv_color(x11,gray43)).
assert(gv_color(x11,gray44)).
assert(gv_color(x11,gray45)).
assert(gv_color(x11,gray46)).
assert(gv_color(x11,gray47)).
assert(gv_color(x11,gray48)).
assert(gv_color(x11,gray49)).
assert(gv_color(x11,gray5)).
assert(gv_color(x11,gray50)).
assert(gv_color(x11,gray51)).
assert(gv_color(x11,gray52)).
assert(gv_color(x11,gray53)).
assert(gv_color(x11,gray54)).
assert(gv_color(x11,gray55)).
assert(gv_color(x11,gray56)).
assert(gv_color(x11,gray57)).
assert(gv_color(x11,gray58)).
assert(gv_color(x11,gray59)).
assert(gv_color(x11,gray6)).
assert(gv_color(x11,gray60)).
assert(gv_color(x11,gray61)).
assert(gv_color(x11,gray62)).
assert(gv_color(x11,gray63)).
assert(gv_color(x11,gray64)).
assert(gv_color(x11,gray65)).
assert(gv_color(x11,gray66)).
assert(gv_color(x11,gray67)).
assert(gv_color(x11,gray68)).
assert(gv_color(x11,gray69)).
assert(gv_color(x11,gray7)).
assert(gv_color(x11,gray70)).
assert(gv_color(x11,gray71)).
assert(gv_color(x11,gray72)).
assert(gv_color(x11,gray73)).
assert(gv_color(x11,gray74)).
assert(gv_color(x11,gray75)).
assert(gv_color(x11,gray76)).
assert(gv_color(x11,gray77)).
assert(gv_color(x11,gray78)).
assert(gv_color(x11,gray79)).
assert(gv_color(x11,gray8)).
assert(gv_color(x11,gray80)).
assert(gv_color(x11,gray81)).
assert(gv_color(x11,gray82)).
assert(gv_color(x11,gray83)).
assert(gv_color(x11,gray84)).
assert(gv_color(x11,gray85)).
assert(gv_color(x11,gray86)).
assert(gv_color(x11,gray87)).
assert(gv_color(x11,gray88)).
assert(gv_color(x11,gray89)).
assert(gv_color(x11,gray9)).
assert(gv_color(x11,gray90)).
assert(gv_color(x11,gray91)).
assert(gv_color(x11,gray92)).
assert(gv_color(x11,gray93)).
assert(gv_color(x11,gray94)).
assert(gv_color(x11,gray95)).
assert(gv_color(x11,gray96)).
assert(gv_color(x11,gray97)).
assert(gv_color(x11,gray98)).
assert(gv_color(x11,gray99)).
assert(gv_color(x11,green)).
assert(gv_color(x11,green1)).
assert(gv_color(x11,green2)).
assert(gv_color(x11,green3)).
assert(gv_color(x11,green4)).
assert(gv_color(x11,greenyellow)).
assert(gv_color(x11,grey)).
assert(gv_color(x11,grey0)).
assert(gv_color(x11,grey1)).
assert(gv_color(x11,grey10)).
assert(gv_color(x11,grey100)).
assert(gv_color(x11,grey11)).
assert(gv_color(x11,grey12)).
assert(gv_color(x11,grey13)).
assert(gv_color(x11,grey14)).
assert(gv_color(x11,grey15)).
assert(gv_color(x11,grey16)).
assert(gv_color(x11,grey17)).
assert(gv_color(x11,grey18)).
assert(gv_color(x11,grey19)).
assert(gv_color(x11,grey2)).
assert(gv_color(x11,grey20)).
assert(gv_color(x11,grey21)).
assert(gv_color(x11,grey22)).
assert(gv_color(x11,grey23)).
assert(gv_color(x11,grey24)).
assert(gv_color(x11,grey25)).
assert(gv_color(x11,grey26)).
assert(gv_color(x11,grey27)).
assert(gv_color(x11,grey28)).
assert(gv_color(x11,grey29)).
assert(gv_color(x11,grey3)).
assert(gv_color(x11,grey30)).
assert(gv_color(x11,grey31)).
assert(gv_color(x11,grey32)).
assert(gv_color(x11,grey33)).
assert(gv_color(x11,grey34)).
assert(gv_color(x11,grey35)).
assert(gv_color(x11,grey36)).
assert(gv_color(x11,grey37)).
assert(gv_color(x11,grey38)).
assert(gv_color(x11,grey39)).
assert(gv_color(x11,grey4)).
assert(gv_color(x11,grey40)).
assert(gv_color(x11,grey41)).
assert(gv_color(x11,grey42)).
assert(gv_color(x11,grey43)).
assert(gv_color(x11,grey44)).
assert(gv_color(x11,grey45)).
assert(gv_color(x11,grey46)).
assert(gv_color(x11,grey47)).
assert(gv_color(x11,grey48)).
assert(gv_color(x11,grey49)).
assert(gv_color(x11,grey5)).
assert(gv_color(x11,grey50)).
assert(gv_color(x11,grey51)).
assert(gv_color(x11,grey52)).
assert(gv_color(x11,grey53)).
assert(gv_color(x11,grey54)).
assert(gv_color(x11,grey55)).
assert(gv_color(x11,grey56)).
assert(gv_color(x11,grey57)).
assert(gv_color(x11,grey58)).
assert(gv_color(x11,grey59)).
assert(gv_color(x11,grey6)).
assert(gv_color(x11,grey60)).
assert(gv_color(x11,grey61)).
assert(gv_color(x11,grey62)).
assert(gv_color(x11,grey63)).
assert(gv_color(x11,grey64)).
assert(gv_color(x11,grey65)).
assert(gv_color(x11,grey66)).
assert(gv_color(x11,grey67)).
assert(gv_color(x11,grey68)).
assert(gv_color(x11,grey69)).
assert(gv_color(x11,grey7)).
assert(gv_color(x11,grey70)).
assert(gv_color(x11,grey71)).
assert(gv_color(x11,grey72)).
assert(gv_color(x11,grey73)).
assert(gv_color(x11,grey74)).
assert(gv_color(x11,grey75)).
assert(gv_color(x11,grey76)).
assert(gv_color(x11,grey77)).
assert(gv_color(x11,grey78)).
assert(gv_color(x11,grey79)).
assert(gv_color(x11,grey8)).
assert(gv_color(x11,grey80)).
assert(gv_color(x11,grey81)).
assert(gv_color(x11,grey82)).
assert(gv_color(x11,grey83)).
assert(gv_color(x11,grey84)).
assert(gv_color(x11,grey85)).
assert(gv_color(x11,grey86)).
assert(gv_color(x11,grey87)).
assert(gv_color(x11,grey88)).
assert(gv_color(x11,grey89)).
assert(gv_color(x11,grey9)).
assert(gv_color(x11,grey90)).
assert(gv_color(x11,grey91)).
assert(gv_color(x11,grey92)).
assert(gv_color(x11,grey93)).
assert(gv_color(x11,grey94)).
assert(gv_color(x11,grey95)).
assert(gv_color(x11,grey96)).
assert(gv_color(x11,grey97)).
assert(gv_color(x11,grey98)).
assert(gv_color(x11,grey99)).
assert(gv_color(x11,honeydew)).
assert(gv_color(x11,honeydew1)).
assert(gv_color(x11,honeydew2)).
assert(gv_color(x11,honeydew3)).
assert(gv_color(x11,honeydew4)).
assert(gv_color(x11,hotpink)).
assert(gv_color(x11,hotpink1)).
assert(gv_color(x11,hotpink2)).
assert(gv_color(x11,hotpink3)).
assert(gv_color(x11,hotpink4)).
assert(gv_color(x11,indianred)).
assert(gv_color(x11,indianred1)).
assert(gv_color(x11,indianred2)).
assert(gv_color(x11,indianred3)).
assert(gv_color(x11,indianred4)).
assert(gv_color(x11,indigo)).
assert(gv_color(x11,invis)).
assert(gv_color(x11,ivory)).
assert(gv_color(x11,ivory1)).
assert(gv_color(x11,ivory2)).
assert(gv_color(x11,ivory3)).
assert(gv_color(x11,ivory4)).
assert(gv_color(x11,khaki)).
assert(gv_color(x11,khaki1)).
assert(gv_color(x11,khaki2)).
assert(gv_color(x11,khaki3)).
assert(gv_color(x11,khaki4)).
assert(gv_color(x11,lavender)).
assert(gv_color(x11,lavenderblush)).
assert(gv_color(x11,lavenderblush1)).
assert(gv_color(x11,lavenderblush2)).
assert(gv_color(x11,lavenderblush3)).
assert(gv_color(x11,lavenderblush4)).
assert(gv_color(x11,lawngreen)).
assert(gv_color(x11,lemonchiffon)).
assert(gv_color(x11,lemonchiffon1)).
assert(gv_color(x11,lemonchiffon2)).
assert(gv_color(x11,lemonchiffon3)).
assert(gv_color(x11,lemonchiffon4)).
assert(gv_color(x11,lightblue)).
assert(gv_color(x11,lightblue1)).
assert(gv_color(x11,lightblue2)).
assert(gv_color(x11,lightblue3)).
assert(gv_color(x11,lightblue4)).
assert(gv_color(x11,lightcoral)).
assert(gv_color(x11,lightcyan)).
assert(gv_color(x11,lightcyan1)).
assert(gv_color(x11,lightcyan2)).
assert(gv_color(x11,lightcyan3)).
assert(gv_color(x11,lightcyan4)).
assert(gv_color(x11,lightgoldenrod)).
assert(gv_color(x11,lightgoldenrod1)).
assert(gv_color(x11,lightgoldenrod2)).
assert(gv_color(x11,lightgoldenrod3)).
assert(gv_color(x11,lightgoldenrod4)).
assert(gv_color(x11,lightgoldenrodyellow)).
assert(gv_color(x11,lightgray)).
assert(gv_color(x11,lightgrey)).
assert(gv_color(x11,lightpink)).
assert(gv_color(x11,lightpink1)).
assert(gv_color(x11,lightpink2)).
assert(gv_color(x11,lightpink3)).
assert(gv_color(x11,lightpink4)).
assert(gv_color(x11,lightsalmon)).
assert(gv_color(x11,lightsalmon1)).
assert(gv_color(x11,lightsalmon2)).
assert(gv_color(x11,lightsalmon3)).
assert(gv_color(x11,lightsalmon4)).
assert(gv_color(x11,lightseagreen)).
assert(gv_color(x11,lightskyblue)).
assert(gv_color(x11,lightskyblue1)).
assert(gv_color(x11,lightskyblue2)).
assert(gv_color(x11,lightskyblue3)).
assert(gv_color(x11,lightskyblue4)).
assert(gv_color(x11,lightslateblue)).
assert(gv_color(x11,lightslategray)).
assert(gv_color(x11,lightslategrey)).
assert(gv_color(x11,lightsteelblue)).
assert(gv_color(x11,lightsteelblue1)).
assert(gv_color(x11,lightsteelblue2)).
assert(gv_color(x11,lightsteelblue3)).
assert(gv_color(x11,lightsteelblue4)).
assert(gv_color(x11,lightyellow)).
assert(gv_color(x11,lightyellow1)).
assert(gv_color(x11,lightyellow2)).
assert(gv_color(x11,lightyellow3)).
assert(gv_color(x11,lightyellow4)).
assert(gv_color(x11,limegreen)).
assert(gv_color(x11,linen)).
assert(gv_color(x11,magenta)).
assert(gv_color(x11,magenta1)).
assert(gv_color(x11,magenta2)).
assert(gv_color(x11,magenta3)).
assert(gv_color(x11,magenta4)).
assert(gv_color(x11,maroon)).
assert(gv_color(x11,maroon1)).
assert(gv_color(x11,maroon2)).
assert(gv_color(x11,maroon3)).
assert(gv_color(x11,maroon4)).
assert(gv_color(x11,mediumaquamarine)).
assert(gv_color(x11,mediumblue)).
assert(gv_color(x11,mediumorchid)).
assert(gv_color(x11,mediumorchid1)).
assert(gv_color(x11,mediumorchid2)).
assert(gv_color(x11,mediumorchid3)).
assert(gv_color(x11,mediumorchid4)).
assert(gv_color(x11,mediumpurple)).
assert(gv_color(x11,mediumpurple1)).
assert(gv_color(x11,mediumpurple2)).
assert(gv_color(x11,mediumpurple3)).
assert(gv_color(x11,mediumpurple4)).
assert(gv_color(x11,mediumseagreen)).
assert(gv_color(x11,mediumslateblue)).
assert(gv_color(x11,mediumspringgreen)).
assert(gv_color(x11,mediumturquoise)).
assert(gv_color(x11,mediumvioletred)).
assert(gv_color(x11,midnightblue)).
assert(gv_color(x11,mintcream)).
assert(gv_color(x11,mistyrose)).
assert(gv_color(x11,mistyrose1)).
assert(gv_color(x11,mistyrose2)).
assert(gv_color(x11,mistyrose3)).
assert(gv_color(x11,mistyrose4)).
assert(gv_color(x11,moccasin)).
assert(gv_color(x11,navajowhite)).
assert(gv_color(x11,navajowhite1)).
assert(gv_color(x11,navajowhite2)).
assert(gv_color(x11,navajowhite3)).
assert(gv_color(x11,navajowhite4)).
assert(gv_color(x11,navy)).
assert(gv_color(x11,navyblue)).
assert(gv_color(x11,none)).
assert(gv_color(x11,oldlace)).
assert(gv_color(x11,olivedrab)).
assert(gv_color(x11,olivedrab1)).
assert(gv_color(x11,olivedrab2)).
assert(gv_color(x11,olivedrab3)).
assert(gv_color(x11,olivedrab4)).
assert(gv_color(x11,orange)).
assert(gv_color(x11,orange1)).
assert(gv_color(x11,orange2)).
assert(gv_color(x11,orange3)).
assert(gv_color(x11,orange4)).
assert(gv_color(x11,orangered)).
assert(gv_color(x11,orangered1)).
assert(gv_color(x11,orangered2)).
assert(gv_color(x11,orangered3)).
assert(gv_color(x11,orangered4)).
assert(gv_color(x11,orchid)).
assert(gv_color(x11,orchid1)).
assert(gv_color(x11,orchid2)).
assert(gv_color(x11,orchid3)).
assert(gv_color(x11,orchid4)).
assert(gv_color(x11,palegoldenrod)).
assert(gv_color(x11,palegreen)).
assert(gv_color(x11,palegreen1)).
assert(gv_color(x11,palegreen2)).
assert(gv_color(x11,palegreen3)).
assert(gv_color(x11,palegreen4)).
assert(gv_color(x11,paleturquoise)).
assert(gv_color(x11,paleturquoise1)).
assert(gv_color(x11,paleturquoise2)).
assert(gv_color(x11,paleturquoise3)).
assert(gv_color(x11,paleturquoise4)).
assert(gv_color(x11,palevioletred)).
assert(gv_color(x11,palevioletred1)).
assert(gv_color(x11,palevioletred2)).
assert(gv_color(x11,palevioletred3)).
assert(gv_color(x11,palevioletred4)).
assert(gv_color(x11,papayawhip)).
assert(gv_color(x11,peachpuff)).
assert(gv_color(x11,peachpuff1)).
assert(gv_color(x11,peachpuff2)).
assert(gv_color(x11,peachpuff3)).
assert(gv_color(x11,peachpuff4)).
assert(gv_color(x11,peru)).
assert(gv_color(x11,pink)).
assert(gv_color(x11,pink1)).
assert(gv_color(x11,pink2)).
assert(gv_color(x11,pink3)).
assert(gv_color(x11,pink4)).
assert(gv_color(x11,plum)).
assert(gv_color(x11,plum1)).
assert(gv_color(x11,plum2)).
assert(gv_color(x11,plum3)).
assert(gv_color(x11,plum4)).
assert(gv_color(x11,powderblue)).
assert(gv_color(x11,purple)).
assert(gv_color(x11,purple1)).
assert(gv_color(x11,purple2)).
assert(gv_color(x11,purple3)).
assert(gv_color(x11,purple4)).
assert(gv_color(x11,red)).
assert(gv_color(x11,red1)).
assert(gv_color(x11,red2)).
assert(gv_color(x11,red3)).
assert(gv_color(x11,red4)).
assert(gv_color(x11,rosybrown)).
assert(gv_color(x11,rosybrown1)).
assert(gv_color(x11,rosybrown2)).
assert(gv_color(x11,rosybrown3)).
assert(gv_color(x11,rosybrown4)).
assert(gv_color(x11,royalblue)).
assert(gv_color(x11,royalblue1)).
assert(gv_color(x11,royalblue2)).
assert(gv_color(x11,royalblue3)).
assert(gv_color(x11,royalblue4)).
assert(gv_color(x11,saddlebrown)).
assert(gv_color(x11,salmon)).
assert(gv_color(x11,salmon1)).
assert(gv_color(x11,salmon2)).
assert(gv_color(x11,salmon3)).
assert(gv_color(x11,salmon4)).
assert(gv_color(x11,sandybrown)).
assert(gv_color(x11,seagreen)).
assert(gv_color(x11,seagreen1)).
assert(gv_color(x11,seagreen2)).
assert(gv_color(x11,seagreen3)).
assert(gv_color(x11,seagreen4)).
assert(gv_color(x11,seashell)).
assert(gv_color(x11,seashell1)).
assert(gv_color(x11,seashell2)).
assert(gv_color(x11,seashell3)).
assert(gv_color(x11,seashell4)).
assert(gv_color(x11,sienna)).
assert(gv_color(x11,sienna1)).
assert(gv_color(x11,sienna2)).
assert(gv_color(x11,sienna3)).
assert(gv_color(x11,sienna4)).
assert(gv_color(x11,skyblue)).
assert(gv_color(x11,skyblue1)).
assert(gv_color(x11,skyblue2)).
assert(gv_color(x11,skyblue3)).
assert(gv_color(x11,skyblue4)).
assert(gv_color(x11,slateblue)).
assert(gv_color(x11,slateblue1)).
assert(gv_color(x11,slateblue2)).
assert(gv_color(x11,slateblue3)).
assert(gv_color(x11,slateblue4)).
assert(gv_color(x11,slategray)).
assert(gv_color(x11,slategray1)).
assert(gv_color(x11,slategray2)).
assert(gv_color(x11,slategray3)).
assert(gv_color(x11,slategray4)).
assert(gv_color(x11,slategrey)).
assert(gv_color(x11,snow)).
assert(gv_color(x11,snow1)).
assert(gv_color(x11,snow2)).
assert(gv_color(x11,snow3)).
assert(gv_color(x11,snow4)).
assert(gv_color(x11,springgreen)).
assert(gv_color(x11,springgreen1)).
assert(gv_color(x11,springgreen2)).
assert(gv_color(x11,springgreen3)).
assert(gv_color(x11,springgreen4)).
assert(gv_color(x11,steelblue)).
assert(gv_color(x11,steelblue1)).
assert(gv_color(x11,steelblue2)).
assert(gv_color(x11,steelblue3)).
assert(gv_color(x11,steelblue4)).
assert(gv_color(x11,tan)).
assert(gv_color(x11,tan1)).
assert(gv_color(x11,tan2)).
assert(gv_color(x11,tan3)).
assert(gv_color(x11,tan4)).
assert(gv_color(x11,thistle)).
assert(gv_color(x11,thistle1)).
assert(gv_color(x11,thistle2)).
assert(gv_color(x11,thistle3)).
assert(gv_color(x11,thistle4)).
assert(gv_color(x11,tomato)).
assert(gv_color(x11,tomato1)).
assert(gv_color(x11,tomato2)).
assert(gv_color(x11,tomato3)).
assert(gv_color(x11,tomato4)).
assert(gv_color(x11,transparent)).
assert(gv_color(x11,turquoise)).
assert(gv_color(x11,turquoise1)).
assert(gv_color(x11,turquoise2)).
assert(gv_color(x11,turquoise3)).
assert(gv_color(x11,turquoise4)).
assert(gv_color(x11,violet)).
assert(gv_color(x11,violetred)).
assert(gv_color(x11,violetred1)).
assert(gv_color(x11,violetred2)).
assert(gv_color(x11,violetred3)).
assert(gv_color(x11,violetred4)).
assert(gv_color(x11,wheat)).
assert(gv_color(x11,wheat1)).
assert(gv_color(x11,wheat2)).
assert(gv_color(x11,wheat3)).
assert(gv_color(x11,wheat4)).
assert(gv_color(x11,white)).
assert(gv_color(x11,whitesmoke)).
assert(gv_color(x11,yellow)).
assert(gv_color(x11,yellow1)).
assert(gv_color(x11,yellow2)).
assert(gv_color(x11,yellow3)).
assert(gv_color(x11,yellow4)).
assert(gv_color(x11,yellowgreen)).
assert(gv_color(svg,aliceblue)).
assert(gv_color(svg,antiquewhite)).
assert(gv_color(svg,aqua)).
assert(gv_color(svg,aquamarine)).
assert(gv_color(svg,azure)).
assert(gv_color(svg,beige)).
assert(gv_color(svg,bisque)).
assert(gv_color(svg,black)).
assert(gv_color(svg,blanchedalmond)).
assert(gv_color(svg,blue)).
assert(gv_color(svg,blueviolet)).
assert(gv_color(svg,brown)).
assert(gv_color(svg,burlywood)).
assert(gv_color(svg,cadetblue)).
assert(gv_color(svg,chartreuse)).
assert(gv_color(svg,chocolate)).
assert(gv_color(svg,coral)).
assert(gv_color(svg,cornflowerblue)).
assert(gv_color(svg,cornsilk)).
assert(gv_color(svg,crimson)).
assert(gv_color(svg,cyan)).
assert(gv_color(svg,darkblue)).
assert(gv_color(svg,darkcyan)).
assert(gv_color(svg,darkgoldenrod)).
assert(gv_color(svg,darkgray)).
assert(gv_color(svg,darkgreen)).
assert(gv_color(svg,darkgrey)).
assert(gv_color(svg,darkkhaki)).
assert(gv_color(svg,darkmagenta)).
assert(gv_color(svg,darkolivegreen)).
assert(gv_color(svg,darkorange)).
assert(gv_color(svg,darkorchid)).
assert(gv_color(svg,darkred)).
assert(gv_color(svg,darksalmon)).
assert(gv_color(svg,darkseagreen)).
assert(gv_color(svg,darkslateblue)).
assert(gv_color(svg,darkslategray)).
assert(gv_color(svg,darkslategrey)).
assert(gv_color(svg,darkturquoise)).
assert(gv_color(svg,darkviolet)).
assert(gv_color(svg,deeppink)).
assert(gv_color(svg,deepskyblue)).
assert(gv_color(svg,dimgray)).
assert(gv_color(svg,dimgrey)).
assert(gv_color(svg,dodgerblue)).
assert(gv_color(svg,firebrick)).
assert(gv_color(svg,floralwhite)).
assert(gv_color(svg,forestgreen)).
assert(gv_color(svg,fuchsia)).
assert(gv_color(svg,gainsboro)).
assert(gv_color(svg,ghostwhite)).
assert(gv_color(svg,gold)).
assert(gv_color(svg,goldenrod)).
assert(gv_color(svg,gray)).
assert(gv_color(svg,grey)).
assert(gv_color(svg,green)).
assert(gv_color(svg,greenyellow)).
assert(gv_color(svg,honeydew)).
assert(gv_color(svg,hotpink)).
assert(gv_color(svg,indianred)).
assert(gv_color(svg,indigo)).
assert(gv_color(svg,ivory)).
assert(gv_color(svg,khaki)).
assert(gv_color(svg,lavender)).
assert(gv_color(svg,lavenderblush)).
assert(gv_color(svg,lawngreen)).
assert(gv_color(svg,lemonchiffon)).
assert(gv_color(svg,lightblue)).
assert(gv_color(svg,lightcoral)).
assert(gv_color(svg,lightcyan)).
assert(gv_color(svg,lightgoldenrodyellow)).
assert(gv_color(svg,lightgray)).
assert(gv_color(svg,lightgreen)).
assert(gv_color(svg,lightgrey)).
assert(gv_color(svg,lightpink)).
assert(gv_color(svg,lightsalmon)).
assert(gv_color(svg,lightseagreen)).
assert(gv_color(svg,lightskyblue)).
assert(gv_color(svg,lightslategray)).
assert(gv_color(svg,lightslategrey)).
assert(gv_color(svg,lightsteelblue)).
assert(gv_color(svg,lightyellow)).
assert(gv_color(svg,lime)).
assert(gv_color(svg,limegreen)).
assert(gv_color(svg,linen)).
assert(gv_color(svg,magenta)).
assert(gv_color(svg,maroon)).
assert(gv_color(svg,mediumaquamarine)).
assert(gv_color(svg,mediumblue)).
assert(gv_color(svg,mediumorchid)).
assert(gv_color(svg,mediumpurple)).
assert(gv_color(svg,mediumseagreen)).
assert(gv_color(svg,mediumslateblue)).
assert(gv_color(svg,mediumspringgreen)).
assert(gv_color(svg,mediumturquoise)).
assert(gv_color(svg,mediumvioletred)).
assert(gv_color(svg,midnightblue)).
assert(gv_color(svg,mintcream)).
assert(gv_color(svg,mistyrose)).
assert(gv_color(svg,moccasin)).
assert(gv_color(svg,navajowhite)).
assert(gv_color(svg,navy)).
assert(gv_color(svg,oldlace)).
assert(gv_color(svg,olive)).
assert(gv_color(svg,olivedrab)).
assert(gv_color(svg,orange)).
assert(gv_color(svg,orangered)).
assert(gv_color(svg,orchid)).
assert(gv_color(svg,palegoldenrod)).
assert(gv_color(svg,palegreen)).
assert(gv_color(svg,paleturquoise)).
assert(gv_color(svg,palevioletred)).
assert(gv_color(svg,papayawhip)).
assert(gv_color(svg,peachpuff)).
assert(gv_color(svg,peru)).
assert(gv_color(svg,pink)).
assert(gv_color(svg,plum)).
assert(gv_color(svg,powderblue)).
assert(gv_color(svg,purple)).
assert(gv_color(svg,red)).
assert(gv_color(svg,rosybrown)).
assert(gv_color(svg,royalblue)).
assert(gv_color(svg,saddlebrown)).
assert(gv_color(svg,salmon)).
assert(gv_color(svg,sandybrown)).
assert(gv_color(svg,seagreen)).
assert(gv_color(svg,seashell)).
assert(gv_color(svg,sienna)).
assert(gv_color(svg,silver)).
assert(gv_color(svg,skyblue)).
assert(gv_color(svg,slateblue)).
assert(gv_color(svg,slategray)).
assert(gv_color(svg,slategrey)).
assert(gv_color(svg,snow)).
assert(gv_color(svg,springgreen)).
assert(gv_color(svg,steelblue)).
assert(gv_color(svg,tan)).
assert(gv_color(svg,teal)).
assert(gv_color(svg,thistle)).
assert(gv_color(svg,tomato)).
assert(gv_color(svg,turquoise)).
assert(gv_color(svg,violet)).
assert(gv_color(svg,wheat)).
assert(gv_color(svg,white)).
assert(gv_color(svg,whitesmoke)).
assert(gv_color(svg,yellow)).
assert(gv_color(svg,yellowgreen)).
